{
  "RSpec": {
    "coverage": {
      "/home/peter/RubymineProjects/shoppinglist/app/controllers/application_controller.rb": [
        1,
        1,
        null
      ],
      "/home/peter/RubymineProjects/shoppinglist/app/helpers/application_helper.rb": [
        1,
        null
      ]
    },
    "timestamp": 1366339663
  },
  "Cucumber Features": {
    "coverage": {
      "/Users/uw/rails_class/final_project/Shoppinglist/app/models/user.rb": [
        1,
        null,
        null,
        null,
        1,
        null,
        null,
        null,
        1,
        null,
        1,
        null,
        null,
        null
      ],
      "/Users/uw/rails_class/final_project/Shoppinglist/app/controllers/application_controller.rb": [
        1,
        1,
        null,
        null,
        null,
        null
      ],
      "/Users/uw/rails_class/final_project/Shoppinglist/app/helpers/application_helper.rb": [
        1,
        null
      ],
      "/Users/uw/rails_class/final_project/Shoppinglist/app/helpers/items_helper.rb": [
        1,
        null
      ],
      "/Users/uw/rails_class/final_project/Shoppinglist/app/helpers/lists_helper.rb": [
        1,
        null
      ],
      "/Users/uw/rails_class/final_project/Shoppinglist/app/controllers/items_controller.rb": [
        1,
        1,
        1,
        null,
        1,
        0,
        null,
        null,
        1,
        1,
        null,
        null,
        1,
        1,
        1,
        1,
        1,
        null,
        0,
        0,
        null,
        null,
        null,
        1,
        null,
        null,
        null,
        1,
        null,
        null,
        null,
        1,
        1,
        1,
        1,
        null,
        0,
        0,
        null,
        null,
        null,
        1,
        1,
        1,
        1,
        null,
        null,
        1,
        9,
        null,
        null,
        1,
        7,
        null,
        null,
        null
      ],
      "/Users/uw/rails_class/final_project/Shoppinglist/app/models/item.rb": [
        1,
        1,
        1,
        null
      ],
      "/Users/uw/rails_class/final_project/Shoppinglist/app/controllers/lists_controller.rb": [
        1,
        1,
        null,
        1,
        13,
        null,
        null,
        1,
        1,
        null,
        null,
        1,
        1,
        1,
        1,
        1,
        null,
        null,
        null,
        null,
        null,
        1,
        null,
        null,
        null,
        1,
        1,
        1,
        1,
        null,
        0,
        0,
        null,
        null,
        null,
        1,
        null,
        null,
        null,
        1,
        1,
        1,
        1,
        null,
        null,
        1,
        12,
        null,
        null,
        null
      ],
      "/Users/uw/rails_class/final_project/Shoppinglist/app/models/list.rb": [
        1,
        1,
        1,
        1,
        null
      ],
      "/Users/uw/rails_class/final_project/Shoppinglist/app/controllers/users_controller.rb": [
        1,
        null,
        1,
        0,
        null,
        null,
        1,
        null,
        null,
        null,
        1,
        0,
        0,
        0,
        0,
        0,
        null,
        0,
        0,
        null,
        null,
        null,
        null
      ]
    },
    "timestamp": 1368917393
  }
}
