{
  "RSpec": {
    "coverage": {
      "/home/peter/RubymineProjects/Shoppinglist/app/controllers/application_controller.rb": [
        1,
        1,
        null
      ],
      "/home/peter/RubymineProjects/Shoppinglist/app/helpers/application_helper.rb": [
        1,
        null
      ],
      "/home/peter/RubymineProjects/Shoppinglist/app/helpers/lists_helper.rb": [
        1,
        null
      ],
      "/home/peter/RubymineProjects/Shoppinglist/app/controllers/lists_controller.rb": [
        1,
        1,
        null,
        null,
        null,
        1,
        1,
        null,
        null,
        1,
        1,
        1,
        1,
        1,
        null,
        null,
        null,
        null,
        null,
        1,
        1,
        null,
        null
      ],
      "/home/peter/RubymineProjects/Shoppinglist/app/models/list.rb": [
        1,
        1,
        null
      ]
    },
    "timestamp": 1367378553
  },
  "Cucumber Features": {
    "coverage": {
      "/home/peter/RubymineProjects/Shoppinglist/app/controllers/application_controller.rb": [
        1,
        1,
        null
      ],
      "/home/peter/RubymineProjects/Shoppinglist/app/helpers/application_helper.rb": [
        1,
        null
      ],
      "/home/peter/RubymineProjects/Shoppinglist/app/helpers/lists_helper.rb": [
        1,
        null
      ],
      "/home/peter/RubymineProjects/Shoppinglist/app/controllers/lists_controller.rb": [
        1,
        1,
        null,
        null,
        null,
        1,
        1,
        null,
        null
      ],
      "/home/peter/RubymineProjects/Shoppinglist/app/models/list.rb": [
        1,
        1,
        null
      ]
    },
    "timestamp": 1367291246
  }
}
